CREATE INDEX
                                           QUERY PLAN                                           
------------------------------------------------------------------------------------------------
 Seq Scan on tasks  (cost=0.00..1.07 rows=1 width=88) (actual time=0.004..0.005 rows=3 loops=1)
   Filter: (user_id = 1)
   Rows Removed by Filter: 3
   Buffers: shared hit=1
 Planning:
   Buffers: shared hit=16 read=1
 Planning Time: 0.128 ms
 Execution Time: 0.012 ms
(8 rows)

